This is pdfTeX, Version 3.141592653-2.6-1.40.22 (TeX Live 2022/dev/Debian) (preloaded format=pdflatex 2024.3.15)  26 APR 2024 16:34
entering extended mode
 restricted \write18 enabled.
 %&-line parsing enabled.
**practica7.tex
(./practica7.tex
LaTeX2e <2021-11-15> patch level 1
L3 programming layer <2022-01-21>
(/usr/share/texlive/texmf-dist/tex/latex/base/report.cls
Document Class: report 2021/10/04 v1.4n Standard LaTeX document class
(/usr/share/texlive/texmf-dist/tex/latex/base/size12.clo
File: size12.clo 2021/10/04 v1.4n Standard LaTeX file (size option)
)
\c@part=\count185
\c@chapter=\count186
\c@section=\count187
\c@subsection=\count188
\c@subsubsection=\count189
\c@paragraph=\count190
\c@subparagraph=\count191
\c@figure=\count192
\c@table=\count193
\abovecaptionskip=\skip47
\belowcaptionskip=\skip48
\bibindent=\dimen138
)
(/usr/share/texlive/texmf-dist/tex/latex/graphics/graphicx.sty
Package: graphicx 2021/09/16 v1.2d Enhanced LaTeX Graphics (DPC,SPQR)

(/usr/share/texlive/texmf-dist/tex/latex/graphics/keyval.sty
Package: keyval 2014/10/28 v1.15 key=value parser (DPC)
\KV@toks@=\toks16
)
(/usr/share/texlive/texmf-dist/tex/latex/graphics/graphics.sty
Package: graphics 2021/03/04 v1.4d Standard LaTeX Graphics (DPC,SPQR)

(/usr/share/texlive/texmf-dist/tex/latex/graphics/trig.sty
Package: trig 2021/08/11 v1.11 sin cos tan (DPC)
)
(/usr/share/texlive/texmf-dist/tex/latex/graphics-cfg/graphics.cfg
File: graphics.cfg 2016/06/04 v1.11 sample graphics configuration
)
Package graphics Info: Driver file: pdftex.def on input line 107.

(/usr/share/texlive/texmf-dist/tex/latex/graphics-def/pdftex.def
File: pdftex.def 2020/10/05 v1.2a Graphics/color driver for pdftex
))
\Gin@req@height=\dimen139
\Gin@req@width=\dimen140
)
(/usr/share/texlive/texmf-dist/tex/latex/enumitem/enumitem.sty
Package: enumitem 2019/06/20 v3.9 Customized lists
\labelindent=\skip49
\enit@outerparindent=\dimen141
\enit@toks=\toks17
\enit@inbox=\box50
\enit@count@id=\count194
\enitdp@description=\count195
)
(/usr/share/texlive/texmf-dist/tex/latex/geometry/geometry.sty
Package: geometry 2020/01/02 v5.9 Page Geometry

(/usr/share/texlive/texmf-dist/tex/generic/iftex/ifvtex.sty
Package: ifvtex 2019/10/25 v1.7 ifvtex legacy package. Use iftex instead.

(/usr/share/texlive/texmf-dist/tex/generic/iftex/iftex.sty
Package: iftex 2020/03/06 v1.0d TeX engine tests
))
\Gm@cnth=\count196
\Gm@cntv=\count197
\c@Gm@tempcnt=\count198
\Gm@bindingoffset=\dimen142
\Gm@wd@mp=\dimen143
\Gm@odd@mp=\dimen144
\Gm@even@mp=\dimen145
\Gm@layoutwidth=\dimen146
\Gm@layoutheight=\dimen147
\Gm@layouthoffset=\dimen148
\Gm@layoutvoffset=\dimen149
\Gm@dimlist=\toks18
)
(/usr/share/texlive/texmf-dist/tex/latex/xcolor/xcolor.sty
Package: xcolor 2021/10/31 v2.13 LaTeX color extensions (UK)

(/usr/share/texlive/texmf-dist/tex/latex/graphics-cfg/color.cfg
File: color.cfg 2016/01/02 v1.6 sample color configuration
)
Package xcolor Info: Driver file: pdftex.def on input line 227.
Package xcolor Info: Model `cmy' substituted by `cmy0' on input line 1352.
Package xcolor Info: Model `hsb' substituted by `rgb' on input line 1356.
Package xcolor Info: Model `RGB' extended on input line 1368.
Package xcolor Info: Model `HTML' substituted by `rgb' on input line 1370.
Package xcolor Info: Model `Hsb' substituted by `hsb' on input line 1371.
Package xcolor Info: Model `tHsb' substituted by `hsb' on input line 1372.
Package xcolor Info: Model `HSB' substituted by `hsb' on input line 1373.
Package xcolor Info: Model `Gray' substituted by `gray' on input line 1374.
Package xcolor Info: Model `wave' substituted by `hsb' on input line 1375.
)
(/usr/share/texlive/texmf-dist/tex/latex/adjustbox/adjustbox.sty
Package: adjustbox 2020/08/19 v1.3 Adjusting TeX boxes (trim, clip, ...)

(/usr/share/texlive/texmf-dist/tex/latex/xkeyval/xkeyval.sty
Package: xkeyval 2020/11/20 v2.8 package option processing (HA)

(/usr/share/texlive/texmf-dist/tex/generic/xkeyval/xkeyval.tex
(/usr/share/texlive/texmf-dist/tex/generic/xkeyval/xkvutils.tex
\XKV@toks=\toks19
\XKV@tempa@toks=\toks20
)
\XKV@depth=\count199
File: xkeyval.tex 2014/12/03 v2.7a key=value parser (HA)
))
(/usr/share/texlive/texmf-dist/tex/latex/adjustbox/adjcalc.sty
Package: adjcalc 2012/05/16 v1.1 Provides advanced setlength with multiple back
-ends (calc, etex, pgfmath)
)
(/usr/share/texlive/texmf-dist/tex/latex/adjustbox/trimclip.sty
Package: trimclip 2020/08/19 v1.2 Trim and clip general TeX material

(/usr/share/texlive/texmf-dist/tex/latex/collectbox/collectbox.sty
Package: collectbox 2012/05/17 v0.4b Collect macro arguments as boxes
\collectedbox=\box51
)
\tc@llx=\dimen150
\tc@lly=\dimen151
\tc@urx=\dimen152
\tc@ury=\dimen153
Package trimclip Info: Using driver 'tc-pdftex.def'.

(/usr/share/texlive/texmf-dist/tex/latex/adjustbox/tc-pdftex.def
File: tc-pdftex.def 2019/01/04 v2.2 Clipping driver for pdftex
))
\adjbox@Width=\dimen154
\adjbox@Height=\dimen155
\adjbox@Depth=\dimen156
\adjbox@Totalheight=\dimen157
\adjbox@pwidth=\dimen158
\adjbox@pheight=\dimen159
\adjbox@pdepth=\dimen160
\adjbox@ptotalheight=\dimen161

(/usr/share/texlive/texmf-dist/tex/latex/ifoddpage/ifoddpage.sty
Package: ifoddpage 2016/04/23 v1.1 Conditionals for odd/even page detection
\c@checkoddpage=\count266
)
(/usr/share/texlive/texmf-dist/tex/latex/varwidth/varwidth.sty
Package: varwidth 2009/03/30 ver 0.92;  Variable-width minipages
\@vwid@box=\box52
\sift@deathcycles=\count267
\@vwid@loff=\dimen162
\@vwid@roff=\dimen163
))
(/usr/share/texlive/texmf-dist/tex/latex/titlesec/titlesec.sty
Package: titlesec 2021/07/05 v2.14 Sectioning titles
\ttl@box=\box53
\beforetitleunit=\skip50
\aftertitleunit=\skip51
\ttl@plus=\dimen164
\ttl@minus=\dimen165
\ttl@toksa=\toks21
\titlewidth=\dimen166
\titlewidthlast=\dimen167
\titlewidthfirst=\dimen168
)
(/usr/share/texlive/texmf-dist/tex/latex/float/float.sty
Package: float 2001/11/08 v1.3d Float enhancements (AL)
\c@float@type=\count268
\float@exts=\toks22
\float@box=\box54
\@float@everytoks=\toks23
\@floatcapt=\box55
)
(/usr/share/texlive/texmf-dist/tex/latex/listings/listings.sty
\lst@mode=\count269
\lst@gtempboxa=\box56
\lst@token=\toks24
\lst@length=\count270
\lst@currlwidth=\dimen169
\lst@column=\count271
\lst@pos=\count272
\lst@lostspace=\dimen170
\lst@width=\dimen171
\lst@newlines=\count273
\lst@lineno=\count274
\lst@maxwidth=\dimen172

(/usr/share/texlive/texmf-dist/tex/latex/listings/lstmisc.sty
File: lstmisc.sty 2020/03/24 1.8d (Carsten Heinz)
\c@lstnumber=\count275
\lst@skipnumbers=\count276
\lst@framebox=\box57
)
(/usr/share/texlive/texmf-dist/tex/latex/listings/listings.cfg
File: listings.cfg 2020/03/24 1.8d listings configuration
))
Package: listings 2020/03/24 1.8d (Carsten Heinz)

(/usr/share/texlive/texmf-dist/tex/latex/hyperref/hyperref.sty
Package: hyperref 2021-06-07 v7.00m Hypertext links for LaTeX

(/usr/share/texlive/texmf-dist/tex/generic/ltxcmds/ltxcmds.sty
Package: ltxcmds 2020-05-10 v1.25 LaTeX kernel commands for general use (HO)
)
(/usr/share/texlive/texmf-dist/tex/generic/pdftexcmds/pdftexcmds.sty
Package: pdftexcmds 2020-06-27 v0.33 Utility functions of pdfTeX for LuaTeX (HO
)

(/usr/share/texlive/texmf-dist/tex/generic/infwarerr/infwarerr.sty
Package: infwarerr 2019/12/03 v1.5 Providing info/warning/error messages (HO)
)
Package pdftexcmds Info: \pdf@primitive is available.
Package pdftexcmds Info: \pdf@ifprimitive is available.
Package pdftexcmds Info: \pdfdraftmode found.
)
(/usr/share/texlive/texmf-dist/tex/generic/kvsetkeys/kvsetkeys.sty
Package: kvsetkeys 2019/12/15 v1.18 Key value parser (HO)
)
(/usr/share/texlive/texmf-dist/tex/generic/kvdefinekeys/kvdefinekeys.sty
Package: kvdefinekeys 2019-12-19 v1.6 Define keys (HO)
)
(/usr/share/texlive/texmf-dist/tex/generic/pdfescape/pdfescape.sty
Package: pdfescape 2019/12/09 v1.15 Implements pdfTeX's escape features (HO)
)
(/usr/share/texlive/texmf-dist/tex/latex/hycolor/hycolor.sty
Package: hycolor 2020-01-27 v1.10 Color options for hyperref/bookmark (HO)
)
(/usr/share/texlive/texmf-dist/tex/latex/letltxmacro/letltxmacro.sty
Package: letltxmacro 2019/12/03 v1.6 Let assignment for LaTeX macros (HO)
)
(/usr/share/texlive/texmf-dist/tex/latex/auxhook/auxhook.sty
Package: auxhook 2019-12-17 v1.6 Hooks for auxiliary files (HO)
)
(/usr/share/texlive/texmf-dist/tex/latex/kvoptions/kvoptions.sty
Package: kvoptions 2020-10-07 v3.14 Key value format for package options (HO)
)
\@linkdim=\dimen173
\Hy@linkcounter=\count277
\Hy@pagecounter=\count278

(/usr/share/texlive/texmf-dist/tex/latex/hyperref/pd1enc.def
File: pd1enc.def 2021-06-07 v7.00m Hyperref: PDFDocEncoding definition (HO)
Now handling font encoding PD1 ...
... no UTF-8 mapping file for font encoding PD1
)
(/usr/share/texlive/texmf-dist/tex/latex/hyperref/hyperref-langpatches.def
File: hyperref-langpatches.def 2021-06-07 v7.00m Hyperref: patches for babel la
nguages
)
(/usr/share/texlive/texmf-dist/tex/generic/intcalc/intcalc.sty
Package: intcalc 2019/12/15 v1.3 Expandable calculations with integers (HO)
)
(/usr/share/texlive/texmf-dist/tex/generic/etexcmds/etexcmds.sty
Package: etexcmds 2019/12/15 v1.7 Avoid name clashes with e-TeX commands (HO)
)
\Hy@SavedSpaceFactor=\count279

(/usr/share/texlive/texmf-dist/tex/latex/hyperref/puenc.def
File: puenc.def 2021-06-07 v7.00m Hyperref: PDF Unicode definition (HO)
Now handling font encoding PU ...
... no UTF-8 mapping file for font encoding PU
)
Package hyperref Info: Hyper figures OFF on input line 4192.
Package hyperref Info: Link nesting OFF on input line 4197.
Package hyperref Info: Hyper index ON on input line 4200.
Package hyperref Info: Plain pages OFF on input line 4207.
Package hyperref Info: Backreferencing OFF on input line 4212.
Package hyperref Info: Implicit mode ON; LaTeX internals redefined.
Package hyperref Info: Bookmarks ON on input line 4445.
\c@Hy@tempcnt=\count280

(/usr/share/texlive/texmf-dist/tex/latex/url/url.sty
\Urlmuskip=\muskip16
Package: url 2013/09/16  ver 3.4  Verb mode for urls, etc.
)
LaTeX Info: Redefining \url on input line 4804.
\XeTeXLinkMargin=\dimen174

(/usr/share/texlive/texmf-dist/tex/generic/bitset/bitset.sty
Package: bitset 2019/12/09 v1.3 Handle bit-vector datatype (HO)

(/usr/share/texlive/texmf-dist/tex/generic/bigintcalc/bigintcalc.sty
Package: bigintcalc 2019/12/15 v1.5 Expandable calculations on big integers (HO
)
))
\Fld@menulength=\count281
\Field@Width=\dimen175
\Fld@charsize=\dimen176
Package hyperref Info: Hyper figures OFF on input line 6076.
Package hyperref Info: Link nesting OFF on input line 6081.
Package hyperref Info: Hyper index ON on input line 6084.
Package hyperref Info: backreferencing OFF on input line 6091.
Package hyperref Info: Link coloring OFF on input line 6096.
Package hyperref Info: Link coloring with OCG OFF on input line 6101.
Package hyperref Info: PDF/A mode OFF on input line 6106.
LaTeX Info: Redefining \ref on input line 6146.
LaTeX Info: Redefining \pageref on input line 6150.

(/usr/share/texlive/texmf-dist/tex/latex/base/atbegshi-ltx.sty
Package: atbegshi-ltx 2021/01/10 v1.0c Emulation of the original atbegshi
package with kernel methods
)
\Hy@abspage=\count282
\c@Item=\count283
\c@Hfootnote=\count284
)
Package hyperref Info: Driver (autodetected): hpdftex.

(/usr/share/texlive/texmf-dist/tex/latex/hyperref/hpdftex.def
File: hpdftex.def 2021-06-07 v7.00m Hyperref driver for pdfTeX

(/usr/share/texlive/texmf-dist/tex/latex/base/atveryend-ltx.sty
Package: atveryend-ltx 2020/08/19 v1.0a Emulation of the original atveryend pac
kage
with kernel methods
)
\Fld@listcount=\count285
\c@bookmark@seq@number=\count286

(/usr/share/texlive/texmf-dist/tex/latex/rerunfilecheck/rerunfilecheck.sty
Package: rerunfilecheck 2019/12/05 v1.9 Rerun checks for auxiliary files (HO)

(/usr/share/texlive/texmf-dist/tex/generic/uniquecounter/uniquecounter.sty
Package: uniquecounter 2019/12/15 v1.4 Provide unlimited unique counter (HO)
)
Package uniquecounter Info: New unique counter `rerunfilecheck' on input line 2
86.
)
\Hy@SectionHShift=\skip52
)
(/usr/share/texlive/texmf-dist/tex/latex/l3backend/l3backend-pdftex.def
File: l3backend-pdftex.def 2022-01-12 L3 backend support: PDF output (pdfTeX)
\l__color_backend_stack_int=\count287
\l__pdf_internal_box=\box58
)
(./practica7.aux)
\openout1 = `practica7.aux'.

LaTeX Font Info:    Checking defaults for OML/cmm/m/it on input line 19.
LaTeX Font Info:    ... okay on input line 19.
LaTeX Font Info:    Checking defaults for OMS/cmsy/m/n on input line 19.
LaTeX Font Info:    ... okay on input line 19.
LaTeX Font Info:    Checking defaults for OT1/cmr/m/n on input line 19.
LaTeX Font Info:    ... okay on input line 19.
LaTeX Font Info:    Checking defaults for T1/cmr/m/n on input line 19.
LaTeX Font Info:    ... okay on input line 19.
LaTeX Font Info:    Checking defaults for TS1/cmr/m/n on input line 19.
LaTeX Font Info:    ... okay on input line 19.
LaTeX Font Info:    Checking defaults for OMX/cmex/m/n on input line 19.
LaTeX Font Info:    ... okay on input line 19.
LaTeX Font Info:    Checking defaults for U/cmr/m/n on input line 19.
LaTeX Font Info:    ... okay on input line 19.
LaTeX Font Info:    Checking defaults for PD1/pdf/m/n on input line 19.
LaTeX Font Info:    ... okay on input line 19.
LaTeX Font Info:    Checking defaults for PU/pdf/m/n on input line 19.
LaTeX Font Info:    ... okay on input line 19.

(/usr/share/texlive/texmf-dist/tex/context/base/mkii/supp-pdf.mkii
[Loading MPS to PDF converter (version 2006.09.02).]
\scratchcounter=\count288
\scratchdimen=\dimen177
\scratchbox=\box59
\nofMPsegments=\count289
\nofMParguments=\count290
\everyMPshowfont=\toks25
\MPscratchCnt=\count291
\MPscratchDim=\dimen178
\MPnumerator=\count292
\makeMPintoPDFobject=\count293
\everyMPtoPDFconversion=\toks26
) (/usr/share/texlive/texmf-dist/tex/latex/epstopdf-pkg/epstopdf-base.sty
Package: epstopdf-base 2020-01-24 v2.11 Base part for package epstopdf
Package epstopdf-base Info: Redefining graphics rule for `.eps' on input line 4
85.

(/usr/share/texlive/texmf-dist/tex/latex/latexconfig/epstopdf-sys.cfg
File: epstopdf-sys.cfg 2010/07/13 v1.3 Configuration of (r)epstopdf for TeX Liv
e
))
*geometry* driver: auto-detecting
*geometry* detected driver: pdftex
*geometry* verbose mode - [ preamble ] result:
* driver: pdftex
* paper: a4paper
* layout: <same size as paper>
* layoutoffset:(h,v)=(0.0pt,0.0pt)
* modes: 
* h-part:(L,W,R)=(85.35826pt, 422.52252pt, 89.62709pt)
* v-part:(T,H,B)=(101.40665pt, 591.5302pt, 152.11pt)
* \paperwidth=597.50787pt
* \paperheight=845.04684pt
* \textwidth=422.52252pt
* \textheight=591.5302pt
* \oddsidemargin=13.08827pt
* \evensidemargin=13.08827pt
* \topmargin=-7.86334pt
* \headheight=12.0pt
* \headsep=25.0pt
* \topskip=12.0pt
* \footskip=30.0pt
* \marginparwidth=35.0pt
* \marginparsep=10.0pt
* \columnsep=10.0pt
* \skip\footins=10.8pt plus 4.0pt minus 2.0pt
* \hoffset=0.0pt
* \voffset=0.0pt
* \mag=1000
* \@twocolumnfalse
* \@twosidefalse
* \@mparswitchfalse
* \@reversemarginfalse
* (1in=72.27pt=25.4mm, 1cm=28.453pt)

\c@lstlisting=\count294
Package hyperref Info: Link coloring OFF on input line 19.
(/usr/share/texlive/texmf-dist/tex/latex/hyperref/nameref.sty
Package: nameref 2021-04-02 v2.47 Cross-referencing by name of section

(/usr/share/texlive/texmf-dist/tex/latex/refcount/refcount.sty
Package: refcount 2019/12/15 v3.6 Data extraction from label references (HO)
)
(/usr/share/texlive/texmf-dist/tex/generic/gettitlestring/gettitlestring.sty
Package: gettitlestring 2019/12/15 v1.6 Cleanup title references (HO)
)
\c@section@level=\count295
)
LaTeX Info: Redefining \ref on input line 19.
LaTeX Info: Redefining \pageref on input line 19.
LaTeX Info: Redefining \nameref on input line 19.

(./practica7.out) (./practica7.out)
\@outlinefile=\write3
\openout3 = `practica7.out'.

<images//logo.jpg, id=68, 632.3625pt x 321.2pt>
File: images//logo.jpg Graphic file (type jpg)
<use images//logo.jpg>
Package pdftex.def Info: images//logo.jpg  used on input line 22.
(pdftex.def)             Requested size: 126.75804pt x 64.38098pt.
 [1

{/var/lib/texmf/fonts/map/pdftex/updmap/pdftex.map} <./images//logo.jpg>] (./pr
actica7.toc
LaTeX Font Info:    External font `cmex10' loaded for size
(Font)              <12> on input line 3.
LaTeX Font Info:    External font `cmex10' loaded for size
(Font)              <8> on input line 3.
LaTeX Font Info:    External font `cmex10' loaded for size
(Font)              <6> on input line 3.
)
\tf@toc=\write4
\openout4 = `practica7.toc'.

pdfTeX warning (ext4): destination with the same identifier (name{page.1}) has 
been already used, duplicate ignored
<to be read again> 
                   \relax 
l.41 \newpage
              [1

]
Chapter 1.

Underfull \hbox (badness 10000) in paragraph at lines 44--47

 []

[2

]
Chapter 2.

Overfull \hbox (16.20486pt too wide) in paragraph at lines 51--53
\OT1/cmr/m/n/12 como la proporcio- nada aqui https://labs.etsit.urjc.es/index.p
hp/tutoriales/imagenes-
 []


Underfull \hbox (badness 10000) in paragraph at lines 54--56

 []

<images//enun1.png, id=103, 1076.02pt x 702.625pt>
File: images//enun1.png Graphic file (type png)
<use images//enun1.png>
Package pdftex.def Info: images//enun1.png  used on input line 64.
(pdftex.def)             Requested size: 338.0193pt x 220.71693pt.
[3

]
<images//enun2.png, id=109, 914.41624pt x 663.47874pt>
File: images//enun2.png Graphic file (type png)
<use images//enun2.png>
Package pdftex.def Info: images//enun2.png  used on input line 69.
(pdftex.def)             Requested size: 338.0193pt x 245.26056pt.
<images//enun3.png, id=110, 1156.32pt x 729.72626pt>
File: images//enun3.png Graphic file (type png)
<use images//enun3.png>
Package pdftex.def Info: images//enun3.png  used on input line 75.
(pdftex.def)             Requested size: 338.0193pt x 213.30768pt.
 [4 <./images//enun1.png> <./images//enun2.png>] [5 <./images//enun3.png>]
Chapter 3.
<images//enun4.png, id=122, 261.97874pt x 178.6675pt>
File: images//enun4.png Graphic file (type png)
<use images//enun4.png>
Package pdftex.def Info: images//enun4.png  used on input line 84.
(pdftex.def)             Requested size: 338.0193pt x 230.53381pt.
<images//enun5.png, id=123, 1156.32pt x 729.72626pt>
File: images//enun5.png Graphic file (type png)
<use images//enun5.png>
Package pdftex.def Info: images//enun5.png  used on input line 90.
(pdftex.def)             Requested size: 338.0193pt x 213.30768pt.
[6

 <./images//enun4.png>] [7 <./images//enun5.png>]
Chapter 4.
<images//enun6.png, id=135, 1020.81375pt x 614.295pt>
File: images//enun6.png Graphic file (type png)
<use images//enun6.png>
Package pdftex.def Info: images//enun6.png  used on input line 104.
(pdftex.def)             Requested size: 338.0193pt x 203.41159pt.
<images//enun7.png, id=136, 1026.83624pt x 568.1225pt>
File: images//enun7.png Graphic file (type png)
<use images//enun7.png>
Package pdftex.def Info: images//enun7.png  used on input line 114.
(pdftex.def)             Requested size: 338.0193pt x 187.01288pt.
[8

 <./images//enun6.png>]
<images//enun8.png, id=144, 739.76375pt x 552.0625pt>
File: images//enun8.png Graphic file (type png)
<use images//enun8.png>
Package pdftex.def Info: images//enun8.png  used on input line 119.
(pdftex.def)             Requested size: 338.0193pt x 252.25021pt.
<images//enun9.png, id=145, 1887.05pt x 707.64375pt>
File: images//enun9.png Graphic file (type png)
<use images//enun9.png>
Package pdftex.def Info: images//enun9.png  used on input line 125.
(pdftex.def)             Requested size: 338.0193pt x 126.7549pt.
 [9 <./images//enun7.png> <./images//enun8.png>]
<images//enun10.png, id=153, 707.64375pt x 201.75375pt>
File: images//enun10.png Graphic file (type png)
<use images//enun10.png>
Package pdftex.def Info: images//enun10.png  used on input line 130.
(pdftex.def)             Requested size: 338.0193pt x 96.37276pt.
<images//enun11.png, id=154, 1260.71pt x 489.83pt>
File: images//enun11.png Graphic file (type png)
<use images//enun11.png>
Package pdftex.def Info: images//enun11.png  used on input line 140.
(pdftex.def)             Requested size: 338.0193pt x 131.32906pt.
<images//enun12.png, id=155, 1382.16376pt x 615.29875pt>
File: images//enun12.png Graphic file (type png)
<use images//enun12.png>
Package pdftex.def Info: images//enun12.png  used on input line 145.
(pdftex.def)             Requested size: 338.0193pt x 150.47253pt.

[10 <./images//enun9.png> <./images//enun10.png> <./images//enun11.png>]
<images//enun13.png, id=165, 750.805pt x 498.86375pt>
File: images//enun13.png Graphic file (type png)
<use images//enun13.png>
Package pdftex.def Info: images//enun13.png  used on input line 150.
(pdftex.def)             Requested size: 338.0193pt x 224.59319pt.
<images//ej4.5.png, id=166, 1324.95pt x 41.15375pt>
File: images//ej4.5.png Graphic file (type png)
<use images//ej4.5.png>
Package pdftex.def Info: images//ej4.5.png  used on input line 157.
(pdftex.def)             Requested size: 338.0193pt x 10.49876pt.

Underfull \hbox (badness 10000) in paragraph at lines 159--160

 []


Underfull \hbox (badness 10000) in paragraph at lines 162--163

 []

[11 <./images//enun12.png> <./images//enun13.png> <./images//ej4.5.png>]
Underfull \hbox (badness 10000) in paragraph at lines 165--166

 []


Underfull \hbox (badness 10000) in paragraph at lines 168--169

 []


Underfull \hbox (badness 10000) in paragraph at lines 171--172

 []


Underfull \hbox (badness 10000) in paragraph at lines 174--175

 []

[12]
Chapter 5.

Underfull \hbox (badness 10000) in paragraph at lines 184--186

 []

<images//ej5.4.png, id=186, 1324.95pt x 176.66pt>
File: images//ej5.4.png Graphic file (type png)
<use images//ej5.4.png>
Package pdftex.def Info: images//ej5.4.png  used on input line 190.
(pdftex.def)             Requested size: 338.0193pt x 45.06792pt.

Underfull \hbox (badness 10000) in paragraph at lines 187--191

 []


Underfull \hbox (badness 10000) in paragraph at lines 192--193

 []


Underfull \hbox (badness 10000) in paragraph at lines 195--196

 []

[13

 <./images//ej5.4.png>]
Chapter 6.

Underfull \hbox (badness 10000) in paragraph at lines 221--222

 []


Overfull \hbox (65.15852pt too wide) in paragraph at lines 223--224
[]\OT1/cmr/m/n/12 Me he sub-scrito a test-topic/p7/209/Qos0, test-topic/p7/209/
Qos1, test-topic/p7/209/Qos2. 
 []


Underfull \hbox (badness 10000) in paragraph at lines 224--227

 []

<images//ej6.9.png, id=199, 1023.825pt x 342.27875pt>
File: images//ej6.9.png Graphic file (type png)
<use images//ej6.9.png>
Package pdftex.def Info: images//ej6.9.png  used on input line 231.
(pdftex.def)             Requested size: 338.0193pt x 113.00455pt.
[14

]
Underfull \hbox (badness 10000) in paragraph at lines 233--234

 []


Underfull \hbox (badness 10000) in paragraph at lines 236--239

 []


Underfull \hbox (badness 10000) in paragraph at lines 240--241

 []

[15 <./images//ej6.9.png>]
Chapter 7.
<images//enun14.png, id=220, 557.08125pt x 178.6675pt>
File: images//enun14.png Graphic file (type png)
<use images//enun14.png>
Package pdftex.def Info: images//enun14.png  used on input line 250.
(pdftex.def)             Requested size: 169.00642pt x 54.20316pt.
<images//enun15.png, id=221, 3217.01875pt x 416.55624pt>
File: images//enun15.png Graphic file (type png)
<use images//enun15.png>
Package pdftex.def Info: images//enun15.png  used on input line 258.
(pdftex.def)             Requested size: 338.0193pt x 43.7683pt.
<images//enun16.png, id=222, 2758.305pt x 1347.0325pt>
File: images//enun16.png Graphic file (type png)
<use images//enun16.png>
Package pdftex.def Info: images//enun16.png  used on input line 264.
(pdftex.def)             Requested size: 338.0193pt x 165.06944pt.
[16

 <./images//enun14.png> <./images//enun15.png>]
<images//ej7.8.png, id=233, 1642.135pt x 158.5925pt>
File: images//ej7.8.png Graphic file (type png)
<use images//ej7.8.png>
Package pdftex.def Info: images//ej7.8.png  used on input line 274.
(pdftex.def)             Requested size: 338.0193pt x 32.64476pt.

Underfull \hbox (badness 10000) in paragraph at lines 276--279

 []

<images//ej7.9.png, id=234, 1236.62pt x 287.0725pt>
File: images//ej7.9.png Graphic file (type png)
<use images//ej7.9.png>
Package pdftex.def Info: images//ej7.9.png  used on input line 284.
(pdftex.def)             Requested size: 338.0193pt x 78.46991pt.

Underfull \hbox (badness 10000) in paragraph at lines 286--290

 []

[17 <./images//enun16.png> <./images//ej7.8.png> <./images//ej7.9.png>]
<images//ej7.10.png, id=248, 1279.78125pt x 278.03876pt>
File: images//ej7.10.png Graphic file (type png)
<use images//ej7.10.png>
Package pdftex.def Info: images//ej7.10.png  used on input line 295.
(pdftex.def)             Requested size: 338.0193pt x 73.43384pt.

Underfull \hbox (badness 10000) in paragraph at lines 297--299

 []

[18 <./images//ej7.10.png>]
Chapter 8.

Underfull \hbox (badness 10000) in paragraph at lines 325--327

 []

<images//ej8.1.9.png, id=256, 1279.78125pt x 278.03876pt>
File: images//ej8.1.9.png Graphic file (type png)
<use images//ej8.1.9.png>
Package pdftex.def Info: images//ej8.1.9.png  used on input line 331.
(pdftex.def)             Requested size: 338.0193pt x 73.43384pt.
[19

]
Underfull \hbox (badness 10000) in paragraph at lines 333--335

 []


Underfull \hbox (badness 10000) in paragraph at lines 337--340

 []


Underfull \hbox (badness 10000) in paragraph at lines 342--347

 []


Underfull \hbox (badness 10000) in paragraph at lines 350--355

 []

[20 <./images//ej8.1.9.png>]
Underfull \hbox (badness 10000) in paragraph at lines 377--379

 []


Underfull \hbox (badness 10000) in paragraph at lines 381--383

 []


Underfull \hbox (badness 10000) in paragraph at lines 386--390

 []

[21]
Underfull \hbox (badness 10000) in paragraph at lines 394--400

 []


Underfull \hbox (badness 10000) in paragraph at lines 404--407

 []


Underfull \hbox (badness 10000) in paragraph at lines 414--418

 []

[22]
Underfull \hbox (badness 10000) in paragraph at lines 422--426

 []

[23]
Chapter 9.
<images//enun17.png, id=308, 627.34375pt x 170.6375pt>
File: images//enun17.png Graphic file (type png)
<use images//enun17.png>
Package pdftex.def Info: images//enun17.png  used on input line 439.
(pdftex.def)             Requested size: 338.0193pt x 91.94498pt.
<images//enun18.png, id=309, 222.8325pt x 454.69875pt>
File: images//enun18.png Graphic file (type png)
<use images//enun18.png>
Package pdftex.def Info: images//enun18.png  used on input line 448.
(pdftex.def)             Requested size: 63.3758pt x 129.3199pt.
[24

 <./images//enun17.png> <./images//enun18.png>]
<images//ej9.10.png, id=323, 1717.41624pt x 311.1625pt>
File: images//ej9.10.png Graphic file (type png)
<use images//ej9.10.png>
Package pdftex.def Info: images//ej9.10.png  used on input line 456.
(pdftex.def)             Requested size: 338.0193pt x 61.23907pt.

Underfull \hbox (badness 10000) in paragraph at lines 458--459

 []


Underfull \hbox (badness 10000) in paragraph at lines 461--462

 []

<images//ej9.12.png, id=324, 1717.41624pt x 311.1625pt>
File: images//ej9.12.png Graphic file (type png)
<use images//ej9.12.png>
Package pdftex.def Info: images//ej9.12.png  used on input line 466.
(pdftex.def)             Requested size: 338.0193pt x 61.23907pt.

Underfull \hbox (badness 10000) in paragraph at lines 468--470

 []

[25 <./images//ej9.10.png> <./images//ej9.12.png>]
Underfull \hbox (badness 10000) in paragraph at lines 481--482

 []

<images//ej9.22.png, id=342, 1717.41624pt x 427.5975pt>
File: images//ej9.22.png Graphic file (type png)
<use images//ej9.22.png>
Package pdftex.def Info: images//ej9.22.png  used on input line 486.
(pdftex.def)             Requested size: 338.0193pt x 84.15434pt.
[26 <./images//ej9.22.png>]
Chapter 10.
<images//ej10.5.png, id=353, 1488.56125pt x 41.15375pt>
File: images//ej10.5.png Graphic file (type png)
<use images//ej10.5.png>
Package pdftex.def Info: images//ej10.5.png  used on input line 498.
(pdftex.def)             Requested size: 338.0193pt x 9.34521pt.

Underfull \hbox (badness 10000) in paragraph at lines 500--501

 []

[27

 <./images//ej10.5.png>]
Chapter 11.
<images//enun19.png, id=365, 1447.4075pt x 523.9575pt>
File: images//enun19.png Graphic file (type png)
<use images//enun19.png>
Package pdftex.def Info: images//enun19.png  used on input line 511.
(pdftex.def)             Requested size: 338.0193pt x 122.3625pt.

Underfull \hbox (badness 10000) in paragraph at lines 526--527

 []

[28

 <./images//enun19.png>]
Underfull \hbox (badness 10000) in paragraph at lines 532--533

 []


Underfull \hbox (badness 10000) in paragraph at lines 537--538

 []

[29]
Chapter 12.
<images//enun20.png, id=391, 1087.06125pt x 581.17125pt>
File: images//enun20.png Graphic file (type png)
<use images//enun20.png>
Package pdftex.def Info: images//enun20.png  used on input line 547.
(pdftex.def)             Requested size: 338.0193pt x 180.71103pt.
<images//enun21.png, id=392, 1095.09125pt x 622.325pt>
File: images//enun21.png Graphic file (type png)
<use images//enun21.png>
Package pdftex.def Info: images//enun21.png  used on input line 551.
(pdftex.def)             Requested size: 338.0193pt x 192.0926pt.
[30

 <./images//enun20.png>]
Underfull \hbox (badness 10000) in paragraph at lines 566--568

 []

[31 <./images//enun21.png>] [32] (./practica7.aux)
Package rerunfilecheck Info: File `practica7.out' has not changed.
(rerunfilecheck)             Checksum: B8A58721050728E8A77F3D63AD2892C2;2417.
 ) 
Here is how much of TeX's memory you used:
 12839 strings out of 478287
 200998 string characters out of 5849289
 502904 words of memory out of 5000000
 30691 multiletter control sequences out of 15000+600000
 475418 words of font info for 48 fonts, out of 8000000 for 9000
 1141 hyphenation exceptions out of 8191
 60i,7n,63p,369b,468s stack positions out of 5000i,500n,10000p,200000b,80000s
</usr/share/texlive/texmf-dist/fonts/type1/public/amsfonts/cm/cmbx12.pfb></us
r/share/texlive/texmf-dist/fonts/type1/public/amsfonts/cm/cmcsc10.pfb></usr/sha
re/texlive/texmf-dist/fonts/type1/public/amsfonts/cm/cmr12.pfb></usr/share/texl
ive/texmf-dist/fonts/type1/public/amsfonts/cm/cmr17.pfb></usr/share/texlive/tex
mf-dist/fonts/type1/public/amsfonts/cm/cmti12.pfb>
Output written on practica7.pdf (33 pages, 3444607 bytes).
PDF statistics:
 486 PDF objects out of 1000 (max. 8388607)
 372 compressed objects within 4 object streams
 179 named destinations out of 1000 (max. 500000)
 294 words of extra memory for PDF output out of 10000 (max. 10000000)

